-------------------------------------------------------------------------------
Test set: com.test.smile.SmileApplicationTests
-------------------------------------------------------------------------------
Tests run: 1, Failures: 0, Errors: 1, Skipped: 0, Time elapsed: 2.624 s <<< FAILURE! - in com.test.smile.SmileApplicationTests
contextLoads  Time elapsed: 0.002 s  <<< ERROR!
java.lang.IllegalStateException: Failed to load ApplicationContext
Caused by: org.springframework.beans.factory.UnsatisfiedDependencyException: Error creating bean with name 'generarFraseFotoController' defined in file [C:\Users\mfeli\WorkSpace\workspace_STS\Smile\target\classes\com\test\smile\api\controller\GenerarFraseFotoController.class]: Unsatisfied dependency expressed through constructor parameter 0; nested exception is org.springframework.beans.factory.NoSuchBeanDefinitionException: No qualifying bean of type 'com.test.smile.api.service.ConsumeApiFraseService' available: expected at least 1 bean which qualifies as autowire candidate. Dependency annotations: {}
Caused by: org.springframework.beans.factory.NoSuchBeanDefinitionException: No qualifying bean of type 'com.test.smile.api.service.ConsumeApiFraseService' available: expected at least 1 bean which qualifies as autowire candidate. Dependency annotations: {}

